Performing C SOURCE FILE Test BRUNSLI_EMSCRIPTEN failed with the following output:
Change Dir: /home/tom/Workspace/git/brunsli/bin/CMakeFiles/CMakeTmp

Run Build Command(s):/usr/bin/make cmTC_2386a/fast && /usr/bin/make -f CMakeFiles/cmTC_2386a.dir/build.make CMakeFiles/cmTC_2386a.dir/build
make[1]: Entering directory '/home/tom/Workspace/git/brunsli/bin/CMakeFiles/CMakeTmp'
Building C object CMakeFiles/cmTC_2386a.dir/src.c.o
/usr/bin/cc   -DBRUNSLI_EMSCRIPTEN   -o CMakeFiles/cmTC_2386a.dir/src.c.o   -c /home/tom/Workspace/git/brunsli/bin/CMakeFiles/CMakeTmp/src.c
Linking C executable cmTC_2386a
/usr/bin/cmake -E cmake_link_script CMakeFiles/cmTC_2386a.dir/link.txt --verbose=1
/usr/bin/cc  -DBRUNSLI_EMSCRIPTEN    -rdynamic CMakeFiles/cmTC_2386a.dir/src.c.o  -o cmTC_2386a 
/usr/bin/ld: /usr/lib/gcc/x86_64-pc-linux-gnu/9.2.0/../../../../lib/Scrt1.o: in function `_start':
(.text+0x24): undefined reference to `main'
collect2: error: ld returned 1 exit status
make[1]: *** [CMakeFiles/cmTC_2386a.dir/build.make:87: cmTC_2386a] Error 1
make[1]: Leaving directory '/home/tom/Workspace/git/brunsli/bin/CMakeFiles/CMakeTmp'
make: *** [Makefile:121: cmTC_2386a/fast] Error 2


Source file was:
#if defined(__EMSCRIPTEN__)
   int main() {return 0;}
   #endif
Performing C SOURCE FILE Test BROTLI_EMSCRIPTEN failed with the following output:
Change Dir: /home/tom/Workspace/git/brunsli/bin/CMakeFiles/CMakeTmp

Run Build Command(s):/usr/bin/make cmTC_5a3c1/fast && /usr/bin/make -f CMakeFiles/cmTC_5a3c1.dir/build.make CMakeFiles/cmTC_5a3c1.dir/build
make[1]: Entering directory '/home/tom/Workspace/git/brunsli/bin/CMakeFiles/CMakeTmp'
Building C object CMakeFiles/cmTC_5a3c1.dir/src.c.o
/usr/bin/cc   -DBROTLI_EMSCRIPTEN   -o CMakeFiles/cmTC_5a3c1.dir/src.c.o   -c /home/tom/Workspace/git/brunsli/bin/CMakeFiles/CMakeTmp/src.c
Linking C executable cmTC_5a3c1
/usr/bin/cmake -E cmake_link_script CMakeFiles/cmTC_5a3c1.dir/link.txt --verbose=1
/usr/bin/cc  -DBROTLI_EMSCRIPTEN    -rdynamic CMakeFiles/cmTC_5a3c1.dir/src.c.o  -o cmTC_5a3c1 
/usr/bin/ld: /usr/lib/gcc/x86_64-pc-linux-gnu/9.2.0/../../../../lib/Scrt1.o: in function `_start':
(.text+0x24): undefined reference to `main'
collect2: error: ld returned 1 exit status
make[1]: *** [CMakeFiles/cmTC_5a3c1.dir/build.make:87: cmTC_5a3c1] Error 1
make[1]: Leaving directory '/home/tom/Workspace/git/brunsli/bin/CMakeFiles/CMakeTmp'
make: *** [Makefile:121: cmTC_5a3c1/fast] Error 2


Source file was:
#if defined(__EMSCRIPTEN__)
   int main() {return 0;}
   #endif
Determining if the function log2 exists failed with the following output:
Change Dir: /home/tom/Workspace/git/brunsli/bin/CMakeFiles/CMakeTmp

Run Build Command(s):/usr/bin/make cmTC_058b3/fast && /usr/bin/make -f CMakeFiles/cmTC_058b3.dir/build.make CMakeFiles/cmTC_058b3.dir/build
make[1]: Entering directory '/home/tom/Workspace/git/brunsli/bin/CMakeFiles/CMakeTmp'
Building C object CMakeFiles/cmTC_058b3.dir/CheckFunctionExists.c.o
/usr/bin/cc   -DCHECK_FUNCTION_EXISTS=log2   -o CMakeFiles/cmTC_058b3.dir/CheckFunctionExists.c.o   -c /usr/share/cmake-3.16/Modules/CheckFunctionExists.c
<command-line>: warning: conflicting types for built-in function ‘log2’; expected ‘double(double)’ [-Wbuiltin-declaration-mismatch]
/usr/share/cmake-3.16/Modules/CheckFunctionExists.c:7:3: note: in expansion of macro ‘CHECK_FUNCTION_EXISTS’
    7 |   CHECK_FUNCTION_EXISTS(void);
      |   ^~~~~~~~~~~~~~~~~~~~~
/usr/share/cmake-3.16/Modules/CheckFunctionExists.c:1:1: note: ‘log2’ is declared in header ‘<math.h>’
  +++ |+#include <math.h>
    1 | #ifdef CHECK_FUNCTION_EXISTS
Linking C executable cmTC_058b3
/usr/bin/cmake -E cmake_link_script CMakeFiles/cmTC_058b3.dir/link.txt --verbose=1
/usr/bin/cc  -DCHECK_FUNCTION_EXISTS=log2    -rdynamic CMakeFiles/cmTC_058b3.dir/CheckFunctionExists.c.o  -o cmTC_058b3 
/usr/bin/ld: CMakeFiles/cmTC_058b3.dir/CheckFunctionExists.c.o: in function `main':
CheckFunctionExists.c:(.text+0x10): undefined reference to `log2'
collect2: error: ld returned 1 exit status
make[1]: *** [CMakeFiles/cmTC_058b3.dir/build.make:87: cmTC_058b3] Error 1
make[1]: Leaving directory '/home/tom/Workspace/git/brunsli/bin/CMakeFiles/CMakeTmp'
make: *** [Makefile:121: cmTC_058b3/fast] Error 2



Performing C SOURCE FILE Test CMAKE_HAVE_LIBC_PTHREAD failed with the following output:
Change Dir: /home/tom/Workspace/git/brunsli/bin/CMakeFiles/CMakeTmp

Run Build Command(s):/usr/bin/make cmTC_9ed9e/fast && /usr/bin/make -f CMakeFiles/cmTC_9ed9e.dir/build.make CMakeFiles/cmTC_9ed9e.dir/build
make[1]: Entering directory '/home/tom/Workspace/git/brunsli/bin/CMakeFiles/CMakeTmp'
Building C object CMakeFiles/cmTC_9ed9e.dir/src.c.o
/usr/bin/cc   -DCMAKE_HAVE_LIBC_PTHREAD   -o CMakeFiles/cmTC_9ed9e.dir/src.c.o   -c /home/tom/Workspace/git/brunsli/bin/CMakeFiles/CMakeTmp/src.c
Linking C executable cmTC_9ed9e
/usr/bin/cmake -E cmake_link_script CMakeFiles/cmTC_9ed9e.dir/link.txt --verbose=1
/usr/bin/cc  -DCMAKE_HAVE_LIBC_PTHREAD    -rdynamic CMakeFiles/cmTC_9ed9e.dir/src.c.o  -o cmTC_9ed9e 
/usr/bin/ld: CMakeFiles/cmTC_9ed9e.dir/src.c.o: in function `main':
src.c:(.text+0x3e): undefined reference to `pthread_create'
/usr/bin/ld: src.c:(.text+0x4a): undefined reference to `pthread_detach'
/usr/bin/ld: src.c:(.text+0x5b): undefined reference to `pthread_join'
collect2: error: ld returned 1 exit status
make[1]: *** [CMakeFiles/cmTC_9ed9e.dir/build.make:87: cmTC_9ed9e] Error 1
make[1]: Leaving directory '/home/tom/Workspace/git/brunsli/bin/CMakeFiles/CMakeTmp'
make: *** [Makefile:121: cmTC_9ed9e/fast] Error 2


Source file was:
#include <pthread.h>

void* test_func(void* data)
{
  return data;
}

int main(void)
{
  pthread_t thread;
  pthread_create(&thread, NULL, test_func, NULL);
  pthread_detach(thread);
  pthread_join(thread, NULL);
  pthread_atfork(NULL, NULL, NULL);
  pthread_exit(NULL);

  return 0;
}

